<?xml version="1.0" encoding="UTF-8"?>
<testsuite xmlns:xsi="http://www.w3.org/2001/XMLSchema-instance" xsi:noNamespaceSchemaLocation="https://maven.apache.org/surefire/maven-surefire-plugin/xsd/surefire-test-report-3.0.xsd" version="3.0" name="ru.gb.myspringdemo.ApplicationTests" time="3.898" tests="1" errors="0" skipped="0" failures="0">
  <properties>
[...]
</properties>
  <testcase name="contextLoads" classname="ru.gb.myspringdemo.ApplicationTests" time="1.049">
    <system-out><![CDATA[18:52:56.678 [main] INFO org.springframework.test.context.support.AnnotationConfigContextLoaderUtils -- Could not detect default configuration classes for test class [ru.gb.myspringdemo.ApplicationTests]: ApplicationTests does not declare any static, non-private, non-final, nested classes annotated with @Configuration.
18:52:56.806 [main] INFO org.springframework.boot.test.context.SpringBootTestContextBootstrapper -- Found @SpringBootConfiguration ru.gb.myspringdemo.Application for test class ru.gb.myspringdemo.ApplicationTests
18:52:57.022 [main] INFO org.springframework.boot.devtools.restart.RestartApplicationListener -- Restart disabled due to context in which it is running
  .   ____          _            __ _ _
 /\\ / ___'_ __ _ _(_)_ __  __ _ \ \ \ \
( ( )\___ | '_ | '_| | '_ \/ _` | \ \ \ \
 \\/  ___)| |_)| | | | | || (_| |  ) ) ) )
  '  |____| .__|_| |_|_| |_\__, | / / / /
 =========|_|==============|___/=/_/_/_/

 :: Spring Boot ::                (v3.3.0)

2024-06-06T18:52:57.476+07:00  INFO 13195 --- [demo] [           main] ru.gb.myspringdemo.ApplicationTests      : Starting ApplicationTests using Java 21.0.3 with PID 13195 (started by ubuntu in /home/ubuntu/Documents/geek_brains/java/spring/HomeWork3/my-spring-demo)
2024-06-06T18:52:57.477+07:00  INFO 13195 --- [demo] [           main] ru.gb.myspringdemo.ApplicationTests      : No active profile set, falling back to 1 default profile: "default"
2024-06-06T18:52:59.258+07:00  INFO 13195 --- [demo] [           main] ru.gb.myspringdemo.ApplicationTests      : Started ApplicationTests in 2.255 seconds (process running for 3.656)
]]></system-out>
    <system-err><![CDATA[WARNING: A Java agent has been loaded dynamically (/home/ubuntu/.m2/repository/net/bytebuddy/byte-buddy-agent/1.14.16/byte-buddy-agent-1.14.16.jar)
WARNING: If a serviceability tool is in use, please run with -XX:+EnableDynamicAgentLoading to hide this warning
WARNING: If a serviceability tool is not in use, please run with -Djdk.instrument.traceUsage for more information
WARNING: Dynamic loading of agents will be disallowed by default in a future release
]]></system-err>
  </testcase>
</testsuite>